<?xml version="1.0" encoding="UTF-8"?>
<!-- Generated by org.testng.reporters.JUnitReportReporter -->
<testsuite hostname="WIN-2C8N3BBE1O1" failures="0" tests="1" name="AutomationExcercise.RegisterUser" time="8.986" errors="0" timestamp="2023-09-10T21:59:00 SGT" skipped="0">
  <testcase classname="AutomationExcercise.RegisterUser" name="Test_Cases_Page" time="8.986"/>
  <system-out/>
</testsuite> <!-- AutomationExcercise.RegisterUser -->
