<?xml version="1.0" encoding="UTF-8"?>
<!-- Generated by org.testng.reporters.JUnitReportReporter -->
<testsuite hostname="WIN-2C8N3BBE1O1" failures="0" tests="1" name="AutomationExcercise.RegisterUser" time="9.132" errors="0" timestamp="2023-09-04T01:36:16 SGT" skipped="0">
  <testcase classname="AutomationExcercise.RegisterUser" name="Register_User_With_Existing_Email" time="9.132"/>
  <system-out/>
</testsuite> <!-- AutomationExcercise.RegisterUser -->
